#
# There is insufficient memory for the Java Runtime Environment to continue.
# Native memory allocation (malloc) failed to allocate 131088 bytes for Chunk::new
# Possible reasons:
#   The system is out of physical RAM or swap space
#   In 32 bit mode, the process size limit was hit
# Possible solutions:
#   Reduce memory load on the system
#   Increase physical memory or swap space
#   Check if swap backing store is full
#   Use 64 bit Java on a 64 bit OS
#   Decrease Java heap size (-Xmx/-Xms)
#   Decrease number of Java threads
#   Decrease Java thread stack sizes (-Xss)
#   Set larger code cache with -XX:ReservedCodeCacheSize=
# This output file may be truncated or incomplete.
#
#  Out of Memory Error (allocation.cpp:390), pid=27668, tid=0x0000000000004200
#
# JRE version: Java(TM) SE Runtime Environment (8.0_102-b14) (build 1.8.0_102-b14)
# Java VM: Java HotSpot(TM) 64-Bit Server VM (25.102-b14 mixed mode windows-amd64 compressed oops)
# Failed to write core dump. Minidumps are not enabled by default on client versions of Windows
#

---------------  T H R E A D  ---------------

Current thread (0x000000001f7bf000):  JavaThread "C2 CompilerThread0" daemon [_thread_in_native, id=16896, stack(0x0000000020070000,0x0000000020170000)]

Stack: [0x0000000020070000,0x0000000020170000]
[error occurred during error reporting (printing stack bounds), id 0xc0000005]

Native frames: (J=compiled Java code, j=interpreted, Vv=VM code, C=native code)


Current CompileTask:
C2:   8123 2300       4       java.net.URLClassLoader$1::run (5 bytes)


---------------  P R O C E S S  ---------------

Java Threads: ( => current thread )
  0x0000000023496000 JavaThread "ForkJoinPool.commonPool-worker-3" daemon [_thread_blocked, id=26332, stack(0x0000000026f80000,0x0000000027080000)]
  0x00000000216ce800 JavaThread "ForkJoinPool.commonPool-worker-2" daemon [_thread_blocked, id=14200, stack(0x0000000026e80000,0x0000000026f80000)]
  0x0000000022922800 JavaThread "ForkJoinPool.commonPool-worker-1" daemon [_thread_blocked, id=26400, stack(0x0000000026d80000,0x0000000026e80000)]
  0x0000000024783800 JavaThread "Keep-Alive-Timer" daemon [_thread_blocked, id=25848, stack(0x0000000026c80000,0x0000000026d80000)]
  0x0000000023ad8800 JavaThread "Exec Stream Pumper" daemon [_thread_in_native, id=26668, stack(0x0000000026980000,0x0000000026a80000)]
  0x0000000023ad7800 JavaThread "Exec Stream Pumper" daemon [_thread_in_native, id=12748, stack(0x0000000026880000,0x0000000026980000)]
  0x0000000024384800 JavaThread "UrlChecker-2" daemon [_thread_blocked, id=3004, stack(0x0000000026780000,0x0000000026880000)]
  0x000000002307c000 JavaThread "Exec Default Executor" daemon [_thread_in_native, id=1140, stack(0x0000000025070000,0x0000000025170000)]
  0x0000000021981000 JavaThread "AWT-Windows" daemon [_thread_in_native, id=28216, stack(0x0000000024dc0000,0x0000000024ec0000)]
  0x0000000023a98800 JavaThread "Java2D Disposer" daemon [_thread_blocked, id=28260, stack(0x0000000022050000,0x0000000022150000)]
  0x000000001f8a1000 JavaThread "Service Thread" daemon [_thread_blocked, id=21824, stack(0x0000000020470000,0x0000000020570000)]
  0x000000001f814000 JavaThread "C1 CompilerThread3" daemon [_thread_blocked, id=3912, stack(0x0000000020370000,0x0000000020470000)]
  0x000000001d8b9000 JavaThread "C2 CompilerThread2" daemon [_thread_in_native, id=8948, stack(0x0000000020270000,0x0000000020370000)]
  0x000000001d8b8000 JavaThread "C2 CompilerThread1" daemon [_thread_blocked, id=21968, stack(0x0000000020170000,0x0000000020270000)]
=>0x000000001f7bf000 JavaThread "C2 CompilerThread0" daemon [_thread_in_native, id=16896, stack(0x0000000020070000,0x0000000020170000)]
  0x000000001f7be000 JavaThread "Attach Listener" daemon [_thread_blocked, id=10488, stack(0x000000001ff70000,0x0000000020070000)]
  0x000000001f7bd000 JavaThread "Signal Dispatcher" daemon [_thread_blocked, id=8212, stack(0x000000001fe70000,0x000000001ff70000)]
  0x0000000004fbe000 JavaThread "Finalizer" daemon [_thread_blocked, id=10844, stack(0x000000001fb80000,0x000000001fc80000)]
  0x0000000004fbc800 JavaThread "Reference Handler" daemon [_thread_blocked, id=11840, stack(0x000000001f680000,0x000000001f780000)]
  0x0000000004ec5800 JavaThread "Forwarding executeScript on session 020176ea6a2beab0c5b2344082214b78 to remote" [_thread_in_native, id=24632, stack(0x0000000004dc0000,0x0000000004ec0000)]

Other Threads:
  0x000000001d8a9800 VMThread [stack: 0x000000001f580000,0x000000001f680000] [id=15804]
  0x000000001f8d0800 WatcherThread [stack: 0x0000000020570000,0x0000000020670000] [id=24912]

VM state:not at safepoint (normal execution)

VM Mutex/Monitor currently owned by a thread: None

Heap:
 PSYoungGen      total 76288K, used 46984K [0x0000000775100000, 0x000000077e600000, 0x00000007c0000000)
  eden space 65536K, 71% used [0x0000000775100000,0x0000000777ee2030,0x0000000779100000)
  from space 10752K, 0% used [0x0000000779100000,0x0000000779100000,0x0000000779b80000)
  to   space 10752K, 0% used [0x000000077db80000,0x000000077db80000,0x000000077e600000)
 ParOldGen       total 120320K, used 13934K [0x00000006df200000, 0x00000006e6780000, 0x0000000775100000)
  object space 120320K, 11% used [0x00000006df200000,0x00000006dff9b8f0,0x00000006e6780000)
 Metaspace       used 26799K, capacity 27362K, committed 27648K, reserved 1073152K
  class space    used 3243K, capacity 3458K, committed 3584K, reserved 1048576K

Card table byte_map: [0x0000000014380000,0x0000000014a90000] byte_map_base: 0x0000000010c87000

Marking Bits: (ParMarkBitMap*) 0x0000000075c9a6c0
 Begin Bits: [0x0000000015740000, 0x0000000018f78000)
 End Bits:   [0x0000000018f78000, 0x000000001c7b0000)

Polling page: 0x0000000003200000

CodeCache: size=245760Kb used=9733Kb max_used=9738Kb free=236026Kb
 bounds [0x0000000004fc0000, 0x0000000005950000, 0x0000000013fc0000]
 total_blobs=3022 nmethods=2312 adapters=622
 compilation: enabled

Compilation events (10 events):
Event: 8.007 Thread 0x000000001f814000 2311       3       java.util.Calendar::internalGet (7 bytes)
Event: 8.007 Thread 0x000000001f814000 nmethod 2311 0x0000000005941ed0 code [0x0000000005942020, 0x0000000005942190]
Event: 8.007 Thread 0x000000001f814000 2312       3       java.util.regex.Pattern$GroupTail::match (111 bytes)
Event: 8.007 Thread 0x000000001f814000 nmethod 2312 0x0000000005943d10 code [0x0000000005943ea0, 0x0000000005944268]
Event: 8.011 Thread 0x000000001d8b8000 2314       4       java.util.regex.Pattern$Single::isSatisfiedBy (14 bytes)
Event: 8.011 Thread 0x000000001f814000 2313       3       java.lang.String::replaceAll (13 bytes)
Event: 8.011 Thread 0x000000001d8b8000 nmethod 2314 0x0000000005939250 code [0x0000000005939380, 0x00000000059393f8]
Event: 8.011 Thread 0x000000001f814000 nmethod 2313 0x0000000005946b10 code [0x0000000005946ca0, 0x0000000005947068]
Event: 8.015 Thread 0x000000001f814000 2315       3       com.google.gson.stream.JsonWriter::string (169 bytes)
Event: 8.015 Thread 0x000000001f814000 nmethod 2315 0x00000000059457d0 code [0x00000000059459e0, 0x00000000059465b8]

GC Heap History (8 events):
Event: 0.952 GC heap before
{Heap before GC invocations=1 (full 0):
 PSYoungGen      total 76288K, used 64928K [0x0000000775100000, 0x000000077a600000, 0x00000007c0000000)
  eden space 65536K, 99% used [0x0000000775100000,0x00000007790682d0,0x0000000779100000)
  from space 10752K, 0% used [0x0000000779b80000,0x0000000779b80000,0x000000077a600000)
  to   space 10752K, 0% used [0x0000000779100000,0x0000000779100000,0x0000000779b80000)
 ParOldGen       total 175104K, used 0K [0x00000006df200000, 0x00000006e9d00000, 0x0000000775100000)
  object space 175104K, 0% used [0x00000006df200000,0x00000006df200000,0x00000006e9d00000)
 Metaspace       used 11222K, capacity 11314K, committed 11520K, reserved 1058816K
  class space    used 1239K, capacity 1272K, committed 1280K, reserved 1048576K
Event: 0.957 GC heap after
Heap after GC invocations=1 (full 0):
 PSYoungGen      total 76288K, used 8839K [0x0000000775100000, 0x000000077a600000, 0x00000007c0000000)
  eden space 65536K, 0% used [0x0000000775100000,0x0000000775100000,0x0000000779100000)
  from space 10752K, 82% used [0x0000000779100000,0x00000007799a1c00,0x0000000779b80000)
  to   space 10752K, 0% used [0x0000000779b80000,0x0000000779b80000,0x000000077a600000)
 ParOldGen       total 175104K, used 16K [0x00000006df200000, 0x00000006e9d00000, 0x0000000775100000)
  object space 175104K, 0% used [0x00000006df200000,0x00000006df204000,0x00000006e9d00000)
 Metaspace       used 11222K, capacity 11314K, committed 11520K, reserved 1058816K
  class space    used 1239K, capacity 1272K, committed 1280K, reserved 1048576K
}
Event: 1.653 GC heap before
{Heap before GC invocations=2 (full 0):
 PSYoungGen      total 76288K, used 74375K [0x0000000775100000, 0x000000077a600000, 0x00000007c0000000)
  eden space 65536K, 100% used [0x0000000775100000,0x0000000779100000,0x0000000779100000)
  from space 10752K, 82% used [0x0000000779100000,0x00000007799a1c00,0x0000000779b80000)
  to   space 10752K, 0% used [0x0000000779b80000,0x0000000779b80000,0x000000077a600000)
 ParOldGen       total 175104K, used 16K [0x00000006df200000, 0x00000006e9d00000, 0x0000000775100000)
  object space 175104K, 0% used [0x00000006df200000,0x00000006df204000,0x00000006e9d00000)
 Metaspace       used 18647K, capacity 18854K, committed 19072K, reserved 1067008K
  class space    used 2013K, capacity 2104K, committed 2176K, reserved 1048576K
Event: 1.663 GC heap after
Heap after GC invocations=2 (full 0):
 PSYoungGen      total 76288K, used 10740K [0x0000000775100000, 0x000000077a600000, 0x00000007c0000000)
  eden space 65536K, 0% used [0x0000000775100000,0x0000000775100000,0x0000000779100000)
  from space 10752K, 99% used [0x0000000779b80000,0x000000077a5fd1d8,0x000000077a600000)
  to   space 10752K, 0% used [0x0000000779100000,0x0000000779100000,0x0000000779b80000)
 ParOldGen       total 175104K, used 688K [0x00000006df200000, 0x00000006e9d00000, 0x0000000775100000)
  object space 175104K, 0% used [0x00000006df200000,0x00000006df2ac078,0x00000006e9d00000)
 Metaspace       used 18647K, capacity 18854K, committed 19072K, reserved 1067008K
  class space    used 2013K, capacity 2104K, committed 2176K, reserved 1048576K
}
Event: 1.892 GC heap before
{Heap before GC invocations=3 (full 0):
 PSYoungGen      total 76288K, used 49552K [0x0000000775100000, 0x000000077a600000, 0x00000007c0000000)
  eden space 65536K, 59% used [0x0000000775100000,0x00000007776e7070,0x0000000779100000)
  from space 10752K, 99% used [0x0000000779b80000,0x000000077a5fd1d8,0x000000077a600000)
  to   space 10752K, 0% used [0x0000000779100000,0x0000000779100000,0x0000000779b80000)
 ParOldGen       total 175104K, used 688K [0x00000006df200000, 0x00000006e9d00000, 0x0000000775100000)
  object space 175104K, 0% used [0x00000006df200000,0x00000006df2ac078,0x00000006e9d00000)
 Metaspace       used 20838K, capacity 21094K, committed 21248K, reserved 1069056K
  class space    used 2345K, capacity 2466K, committed 2560K, reserved 1048576K
Event: 1.902 GC heap after
Heap after GC invocations=3 (full 0):
 PSYoungGen      total 76288K, used 10740K [0x0000000775100000, 0x000000077e600000, 0x00000007c0000000)
  eden space 65536K, 0% used [0x0000000775100000,0x0000000775100000,0x0000000779100000)
  from space 10752K, 99% used [0x0000000779100000,0x0000000779b7d0c0,0x0000000779b80000)
  to   space 10752K, 0% used [0x000000077db80000,0x000000077db80000,0x000000077e600000)
 ParOldGen       total 175104K, used 4087K [0x00000006df200000, 0x00000006e9d00000, 0x0000000775100000)
  object space 175104K, 2% used [0x00000006df200000,0x00000006df5fdd48,0x00000006e9d00000)
 Metaspace       used 20838K, capacity 21094K, committed 21248K, reserved 1069056K
  class space    used 2345K, capacity 2466K, committed 2560K, reserved 1048576K
}
Event: 1.902 GC heap before
{Heap before GC invocations=4 (full 1):
 PSYoungGen      total 76288K, used 10740K [0x0000000775100000, 0x000000077e600000, 0x00000007c0000000)
  eden space 65536K, 0% used [0x0000000775100000,0x0000000775100000,0x0000000779100000)
  from space 10752K, 99% used [0x0000000779100000,0x0000000779b7d0c0,0x0000000779b80000)
  to   space 10752K, 0% used [0x000000077db80000,0x000000077db80000,0x000000077e600000)
 ParOldGen       total 175104K, used 4087K [0x00000006df200000, 0x00000006e9d00000, 0x0000000775100000)
  object space 175104K, 2% used [0x00000006df200000,0x00000006df5fdd48,0x00000006e9d00000)
 Metaspace       used 20838K, capacity 21094K, committed 21248K, reserved 1069056K
  class space    used 2345K, capacity 2466K, committed 2560K, reserved 1048576K
Event: 1.948 GC heap after
Heap after GC invocations=4 (full 1):
 PSYoungGen      total 76288K, used 0K [0x0000000775100000, 0x000000077e600000, 0x00000007c0000000)
  eden space 65536K, 0% used [0x0000000775100000,0x0000000775100000,0x0000000779100000)
  from space 10752K, 0% used [0x0000000779100000,0x0000000779100000,0x0000000779b80000)
  to   space 10752K, 0% used [0x000000077db80000,0x000000077db80000,0x000000077e600000)
 ParOldGen       total 120320K, used 13934K [0x00000006df200000, 0x00000006e6780000, 0x0000000775100000)
  object space 120320K, 11% used [0x00000006df200000,0x00000006dff9b8f0,0x00000006e6780000)
 Metaspace       used 20838K, capacity 21094K, committed 21248K, reserved 1069056K
  class space    used 2345K, capacity 2466K, committed 2560K, reserved 1048576K
}

Deoptimization events (10 events):
Event: 3.732 Thread 0x0000000004ec5800 Uncommon trap: reason=class_check action=maybe_recompile pc=0x000000000573433c method=java.util.regex.Pattern$CharProperty$1.isSatisfiedBy(I)Z @ 5
Event: 3.903 Thread 0x0000000004ec5800 Uncommon trap: reason=unstable_if action=reinterpret pc=0x0000000005511a50 method=java.util.concurrent.ConcurrentHashMap.putVal(Ljava/lang/Object;Ljava/lang/Object;Z)Ljava/lang/Object; @ 195
Event: 3.975 Thread 0x0000000004ec5800 Uncommon trap: reason=range_check action=make_not_entrant pc=0x00000000057df870 method=java.lang.String.charAt(I)C @ 27
Event: 3.976 Thread 0x0000000004ec5800 Uncommon trap: reason=unstable_if action=reinterpret pc=0x00000000051564b4 method=java.lang.String.replace(CC)Ljava/lang/String; @ 2
Event: 3.982 Thread 0x0000000004ec5800 Uncommon trap: reason=bimorphic action=maybe_recompile pc=0x00000000052d83cc method=java.net.URL.<init>(Ljava/net/URL;Ljava/lang/String;Ljava/net/URLStreamHandler;)V @ 504
Event: 4.514 Thread 0x0000000004ec5800 Uncommon trap: reason=unstable_if action=reinterpret pc=0x000000000572f870 method=java.util.regex.Pattern$BitClass.isSatisfiedBy(I)Z @ 13
Event: 4.564 Thread 0x0000000004ec5800 Uncommon trap: reason=unstable_if action=reinterpret pc=0x0000000005882544 method=java.util.concurrent.ConcurrentHashMap.putVal(Ljava/lang/Object;Ljava/lang/Object;Z)Ljava/lang/Object; @ 98
Event: 4.564 Thread 0x00000000216ce800 Uncommon trap: reason=class_check action=maybe_recompile pc=0x0000000005882674 method=java.util.concurrent.ConcurrentHashMap.putVal(Ljava/lang/Object;Ljava/lang/Object;Z)Ljava/lang/Object; @ 192
Event: 4.634 Thread 0x0000000004ec5800 Uncommon trap: reason=unstable_if action=reinterpret pc=0x000000000587d7ac method=java.util.regex.Pattern$BmpCharProperty.match(Ljava/util/regex/Matcher;ILjava/lang/CharSequence;)Z @ 34
Event: 7.982 Thread 0x0000000004ec5800 Uncommon trap: reason=unstable_if action=reinterpret pc=0x00000000054647c0 method=java.lang.CharacterData.of(I)Ljava/lang/CharacterData; @ 4

Internal exceptions (10 events):
Event: 1.870 Thread 0x0000000004ec5800 Exception <a 'java/lang/ClassNotFoundException': com/kms/katalon/core/webui/common/ScreenUtilBeanInfo> (0x00000007775520c8) thrown at [C:\re\workspace\8-2-build-windows-amd64-cygwin\jdk8u102\7268\hotspot\src\share\vm\classfile\systemDictionary.cpp, line 21êŒ¡ÔÓ˝?
Event: 1.871 Thread 0x0000000004ec5800 Exception <a 'java/lang/ClassNotFoundException': com/kms/katalon/core/webui/common/ScreenUtilCustomizer> (0x00000007775784b8) thrown at [C:\re\workspace\8-2-build-windows-amd64-cygwin\jdk8u102\7268\hotspot\src\share\vm\classfile\systemDictionary.cpp, line xw•h˛?
Event: 1.878 Thread 0x0000000004ec5800 Exception <a 'java/io/FileNotFoundException'> (0x00000007775b1328) thrown at [C:\re\workspace\8-2-build-windows-amd64-cygwin\jdk8u102\7268\hotspot\src\share\vm\prims\jni.cpp, line 709]
Event: 1.951 Thread 0x0000000004ec5800 Exception <a 'java/io/FileNotFoundException'> (0x0000000775102ba0) thrown at [C:\re\workspace\8-2-build-windows-amd64-cygwin\jdk8u102\7268\hotspot\src\share\vm\prims\jni.cpp, line 709]
Event: 3.712 Thread 0x0000000004ec5800 Exception <a 'java/lang/NoClassDefFoundError': org/apache/log4j/Priority> (0x0000000775ab6f20) thrown at [C:\re\workspace\8-2-build-windows-amd64-cygwin\jdk8u102\7268\hotspot\src\share\vm\classfile\systemDictionary.cpp, line 199]
Event: 4.491 Thread 0x0000000024384800 Exception <a 'java/net/SocketTimeoutException': connect timed out> (0x0000000776c07468) thrown at [C:\re\workspace\8-2-build-windows-amd64-cygwin\jdk8u102\7268\hotspot\src\share\vm\prims\jni.cpp, line 735]
Event: 4.522 Thread 0x0000000004ec5800 Exception <a 'java/lang/IncompatibleClassChangeError': Found class java.lang.Object, but interface was expected> (0x0000000776eb75e8) thrown at [C:\re\workspace\8-2-build-windows-amd64-cygwin\jdk8u102\7268\hotspot\src\share\vm\interpreter\linkResolver.cpp,_\Økñ@
Event: 4.524 Thread 0x0000000004ec5800 Exception <a 'java/lang/NoSuchMethodError': java.lang.Object.lambda$or$2(Ljava/util/function/Predicate;Ljava/lang/Object;)Z> (0x0000000776ec5638) thrown at [C:\re\workspace\8-2-build-windows-amd64-cygwin\jdk8u102\7268\hotspot\src\share\vm\interpreter\linkR˝´øÒÏ @
Event: 8.004 Thread 0x0000000004ec5800 Exception <a 'java/net/SocketTimeoutException': Read timed out> (0x0000000777e63b50) thrown at [C:\re\workspace\8-2-build-windows-amd64-cygwin\jdk8u102\7268\hotspot\src\share\vm\prims\jni.cpp, line 735]
Event: 8.016 Thread 0x0000000004ec5800 Exception <a 'java/net/SocketTimeoutException': Read timed out> (0x0000000777eda668) thrown at [C:\re\workspace\8-2-build-windows-amd64-cygwin\jdk8u102\7268\hotspot\src\share\vm\prims\jni.cpp, line 735]

Events (10 events):
Event: 8.012 loading class com/google/common/collect/Iterables$5
Event: 8.012 loading class com/google/common/collect/Iterables$5 done
Event: 8.012 loading class com/google/common/collect/FluentIterable
Event: 8.012 loading class com/google/common/collect/FluentIterable done
Event: 8.013 loading class com/google/common/collect/FluentIterable$3
Event: 8.013 loading class com/google/common/collect/FluentIterable$3 done
Event: 8.014 loading class com/google/common/collect/FluentIterable$1
Event: 8.014 loading class com/google/common/collect/FluentIterable$1 done
Event: 8.014 loading class com/google/common/collect/FluentIterable$2
Event: 8.014 loading class com/google/common/collect/FluentIterable$2 done


Dynamic libraries:
0x00007ff7bbee0000 - 0x00007ff7bbf17000 	D:\Katalon_Studio_Windows_64-5.3.1\jre\bin\javaw.exe
0x00007fff67890000 - 0x00007fff67a70000 	C:\Windows\SYSTEM32\ntdll.dll
0x00007fff25ff0000 - 0x00007fff26024000 	C:\Program Files\AVG\Antivirus\x64\aswhooka.dll
0x00007fff66f20000 - 0x00007fff66fce000 	C:\Windows\System32\KERNEL32.DLL
0x00007fff63f40000 - 0x00007fff641a6000 	C:\Windows\System32\KERNELBASE.dll
0x00007fff670f0000 - 0x00007fff67191000 	C:\Windows\System32\ADVAPI32.dll
0x00007fff67200000 - 0x00007fff6729d000 	C:\Windows\System32\msvcrt.dll
0x00007fff675d0000 - 0x00007fff6762b000 	C:\Windows\System32\sechost.dll
0x00007fff66c40000 - 0x00007fff66d5f000 	C:\Windows\System32\RPCRT4.dll
0x00007fff67630000 - 0x00007fff677bf000 	C:\Windows\System32\USER32.dll
0x00007fff63c90000 - 0x00007fff63cb0000 	C:\Windows\System32\win32u.dll
0x00007fff66440000 - 0x00007fff66468000 	C:\Windows\System32\GDI32.dll
0x00007fff64bc0000 - 0x00007fff64d53000 	C:\Windows\System32\gdi32full.dll
0x00007fff64200000 - 0x00007fff6429b000 	C:\Windows\System32\msvcp_win.dll
0x00007fff63cb0000 - 0x00007fff63da6000 	C:\Windows\System32\ucrtbase.dll
0x00007fff577e0000 - 0x00007fff57a49000 	C:\Windows\WinSxS\amd64_microsoft.windows.common-controls_6595b64144ccf1df_6.0.16299.309_none_15cfd4c4935e6b11\COMCTL32.dll
0x00007fff672c0000 - 0x00007fff675c8000 	C:\Windows\System32\combase.dll
0x00007fff63db0000 - 0x00007fff63e22000 	C:\Windows\System32\bcryptPrimitives.dll
0x00007fff670c0000 - 0x00007fff670ed000 	C:\Windows\System32\IMM32.DLL
0x0000000074660000 - 0x0000000074731000 	D:\Katalon_Studio_Windows_64-5.3.1\jre\bin\msvcr100.dll
0x0000000075480000 - 0x0000000075d1a000 	D:\Katalon_Studio_Windows_64-5.3.1\jre\bin\server\jvm.dll
0x00007fff66430000 - 0x00007fff66438000 	C:\Windows\System32\PSAPI.DLL
0x00007fff53960000 - 0x00007fff53969000 	C:\Windows\SYSTEM32\WSOCK32.dll
0x00007fff67050000 - 0x00007fff670bc000 	C:\Windows\System32\WS2_32.dll
0x00007fff5f930000 - 0x00007fff5f953000 	C:\Windows\SYSTEM32\WINMM.dll
0x00007fff5e530000 - 0x00007fff5e53a000 	C:\Windows\SYSTEM32\VERSION.dll
0x00007fff5f8d0000 - 0x00007fff5f8fa000 	C:\Windows\SYSTEM32\WINMMBASE.dll
0x00007fff641b0000 - 0x00007fff641fa000 	C:\Windows\System32\cfgmgr32.dll
0x0000000050040000 - 0x000000005004f000 	D:\Katalon_Studio_Windows_64-5.3.1\jre\bin\verify.dll
0x0000000050010000 - 0x0000000050039000 	D:\Katalon_Studio_Windows_64-5.3.1\jre\bin\java.dll
0x0000000075460000 - 0x0000000075476000 	D:\Katalon_Studio_Windows_64-5.3.1\jre\bin\zip.dll
0x00007fff64ee0000 - 0x00007fff66316000 	C:\Windows\System32\SHELL32.dll
0x00007fff64d60000 - 0x00007fff64e06000 	C:\Windows\System32\shcore.dll
0x00007fff64470000 - 0x00007fff64bb7000 	C:\Windows\System32\windows.storage.dll
0x00007fff671a0000 - 0x00007fff671f1000 	C:\Windows\System32\shlwapi.dll
0x00007fff63c20000 - 0x00007fff63c31000 	C:\Windows\System32\kernel.appcore.dll
0x00007fff63c40000 - 0x00007fff63c8c000 	C:\Windows\System32\powrprof.dll
0x00007fff63c00000 - 0x00007fff63c1b000 	C:\Windows\System32\profapi.dll
0x0000000075440000 - 0x000000007545a000 	D:\Katalon_Studio_Windows_64-5.3.1\jre\bin\net.dll
0x00007fff63470000 - 0x00007fff634d6000 	C:\Windows\system32\mswsock.dll
0x0000000075420000 - 0x0000000075431000 	D:\Katalon_Studio_Windows_64-5.3.1\jre\bin\nio.dll
0x0000000075080000 - 0x0000000075218000 	D:\Katalon_Studio_Windows_64-5.3.1\jre\bin\awt.dll
0x00007fff64e10000 - 0x00007fff64ed5000 	C:\Windows\System32\OLEAUT32.dll
0x00007fff61940000 - 0x00007fff619c8000 	C:\Windows\SYSTEM32\apphelp.dll
0x00007fff62030000 - 0x00007fff6205a000 	C:\Windows\system32\DWMAPI.DLL
0x00007fff61d20000 - 0x00007fff61db5000 	C:\Windows\system32\uxtheme.dll
0x00007fff66a70000 - 0x00007fff66bd7000 	C:\Windows\System32\MSCTF.dll
0x00007fff5f650000 - 0x00007fff5f700000 	C:\Program Files\Nahimic\Nahimic2\UserInterface\x64\Nahimic2DevProps.dll
0x00007fff66d60000 - 0x00007fff66ea9000 	C:\Windows\System32\ole32.dll
0x00007fff149e0000 - 0x00007fff14a43000 	C:\Program Files\Nahimic\Nahimic2\UserInterface\x64\Nahimic2OSD.dll
0x00007fff17a20000 - 0x00007fff17a5b000 	C:\Program Files\Nahimic\Nahimic VR\Foundation\x64\NahimicVRDevProps.dll
0x00007fff677c0000 - 0x00007fff6785e000 	C:\Windows\System32\clbcatq.dll
0x00007fff574d0000 - 0x00007fff5753f000 	C:\Windows\System32\MMDevApi.dll
0x00007fff639f0000 - 0x00007fff63a17000 	C:\Windows\System32\DEVOBJ.dll
0x00007fff62760000 - 0x00007fff62911000 	C:\Windows\System32\PROPSYS.dll
0x00007fff51e10000 - 0x00007fff51f32000 	C:\Windows\SYSTEM32\AUDIOSES.DLL
0x00007fff5fd70000 - 0x00007fff5fea6000 	C:\Windows\SYSTEM32\wintypes.dll
0x00007fff5f7f0000 - 0x00007fff5f7fa000 	C:\Windows\SYSTEM32\AVRT.dll
0x00007fff63240000 - 0x00007fff632f6000 	C:\Windows\SYSTEM32\DNSAPI.dll
0x0000000024da0000 - 0x0000000024da8000 	C:\Windows\System32\NSI.dll
0x00007fff63200000 - 0x00007fff63239000 	C:\Windows\SYSTEM32\IPHLPAPI.DLL
0x00007fff5dd10000 - 0x00007fff5dd1a000 	C:\Windows\System32\rasadhlp.dll
0x00007fff5b460000 - 0x00007fff5b4d0000 	C:\Windows\System32\fwpuclnt.dll
0x00007fff63740000 - 0x00007fff63765000 	C:\Windows\SYSTEM32\bcrypt.dll
0x00000000753f0000 - 0x0000000075414000 	D:\Katalon_Studio_Windows_64-5.3.1\jre\bin\sunec.dll
0x00007fff63630000 - 0x00007fff63647000 	C:\Windows\SYSTEM32\CRYPTSP.dll
0x00007fff63070000 - 0x00007fff630a3000 	C:\Windows\system32\rsaenh.dll
0x00007fff63ae0000 - 0x00007fff63b09000 	C:\Windows\SYSTEM32\USERENV.dll
0x00007fff63650000 - 0x00007fff6365b000 	C:\Windows\SYSTEM32\CRYPTBASE.dll
0x00007fff5f110000 - 0x00007fff5f126000 	C:\Windows\SYSTEM32\dhcpcsvc6.DLL
0x00007fff5f0e0000 - 0x00007fff5f0fa000 	C:\Windows\SYSTEM32\dhcpcsvc.DLL
0x00007fff4bfe0000 - 0x00007fff4bff6000 	C:\Windows\system32\napinsp.dll
0x00007fff25c40000 - 0x00007fff25c5a000 	C:\Windows\system32\pnrpnsp.dll
0x00007fff61a10000 - 0x00007fff61a28000 	C:\Windows\system32\NLAapi.dll
0x00007fff5e810000 - 0x00007fff5e81e000 	C:\Windows\System32\winrnr.dll
0x00007fff53b90000 - 0x00007fff53ba5000 	C:\Windows\System32\wshbth.dll

VM Arguments:
jvm_args: -Dgroovy.home=/D:/Katalon_Studio_Windows_64-5.3.1/plugins/org.codehaus.groovy_2.4.7.xx-201611170128-e46/ -Xmx3598m -Dfile.encoding=UTF-8 
java_command: org.codehaus.groovy.tools.GroovyStarter --classpath D:\Newfolder\Katalon-project\Keywords;D:\Newfolder\Katalon-project\Libs;D:\Newfolder\Katalon-project\Test Listeners;D:\Katalon_Studio_Windows_64-5.3.1\configuration\resources\lib\java-client-5.0.4.jar;D:\Katalon_Studio_Windows_64-5.3.1\configuration\resources\lib\jna-4.1.0.jar;D:\Katalon_Studio_Windows_64-5.3.1\configuration\resources\lib\jna-platform-4.1.0.jar;D:\Katalon_Studio_Windows_64-5.3.1\configuration\resources\lib\kat-server.jar;D:\Katalon_Studio_Windows_64-5.3.1\configuration\resources\lib\repackaged-guava-19.0.jar;D:\Katalon_Studio_Windows_64-5.3.1\configuration\resources\lib\repackaged-sikuli-api-1.0.2-standalone.jar;D:\Katalon_Studio_Windows_64-5.3.1\configuration\resources\lib\selenium-leg-rc-3.7.0.jar;D:\Katalon_Studio_Windows_64-5.3.1\configuration\resources\lib\selenium-server-standalone-3.7.1.jar;D:\Katalon_Studio_Windows_64-5.3.1\configuration\resources\lib\testng-6.11.jar;D:\Katalon_Studio_Windows_64-5.3.1\plugins\atu.testrecorder.screen-recorder_2.1.0.jar;D:\Katalon_Studio_Windows_64-5.3.1\plugins\com.google.gson_2.8.0.jar;D:\Katalon_Studio_Windows_64-5.3.1\plugins\com.google.guava_23.0.0.jar;D:\Katalon_Studio_Windows_64-5.3.1\plugins\com.google.http-client.google-http-client_1.22.0.jar;D:\Katalon_Studio_Windows_64-5.3.1\plugins\com.google.oauth-client.google-oauth-client_1.22.0.jar;D:\Katalon_Studio_Windows_64-5.3.1\plugins\com.kms.katalon.constant_1.0.0.201803011028.jar;D:\Katalon_Studio_Windows_64-5.3.1\plugins\com.kms.katalon.core.appium_1.0.0.201803011028.jar;D:\Katalon_Studio_Windows_64-5.3.1\plugins\com.kms.katalon.core.mobile_1.0.0.201803011028.jar;D:\Katalon_Studio_Windows_64-5.3.1\plugins\com.kms.katalon.core.webservice_1.0.0.201803011028.jar;D:\Katalon_Studio_Windows_64-5.3.1\plugins\com.kms.katalon.core.webui_1.0.0.201803011028.jar;D:\Katalon_Studio_Windows_64-5.3.1\plugins\com.kms.katalon.core_1.0.0.201803011028.jar;D:\Katalon_Studio_Windows_64-5.3.1\plugins\com.kms
java_class_path (initial): D:\Newfolder\Katalon-project\bin\keyword;D:\Newfolder\Katalon-project\bin\listener;D:\Newfolder\Katalon-project\bin\lib;D:\Newfolder\Katalon-project\bin;D:\Katalon_Studio_Windows_64-5.3.1\plugins\com.kms.katalon.core_1.0.0.201803011028.jar;D:\Katalon_Studio_Windows_64-5.3.1\configuration\resources\lib\java-client-5.0.4.jar;D:\Katalon_Studio_Windows_64-5.3.1\configuration\resources\lib\jna-4.1.0.jar;D:\Katalon_Studio_Windows_64-5.3.1\configuration\resources\lib\jna-platform-4.1.0.jar;D:\Katalon_Studio_Windows_64-5.3.1\configuration\resources\lib\kat-server.jar;D:\Katalon_Studio_Windows_64-5.3.1\configuration\resources\lib\repackaged-guava-19.0.jar;D:\Katalon_Studio_Windows_64-5.3.1\configuration\resources\lib\repackaged-sikuli-api-1.0.2-standalone.jar;D:\Katalon_Studio_Windows_64-5.3.1\configuration\resources\lib\selenium-leg-rc-3.7.0.jar;D:\Katalon_Studio_Windows_64-5.3.1\configuration\resources\lib\selenium-server-standalone-3.7.1.jar;D:\Katalon_Studio_Windows_64-5.3.1\configuration\resources\lib\testng-6.11.jar;D:\Katalon_Studio_Windows_64-5.3.1\plugins\net.sf.supercsv.super-csv_2.1.0.jar;D:\Katalon_Studio_Windows_64-5.3.1\plugins\org.apache.poi_3.9.0.v201405241750.jar;D:\Katalon_Studio_Windows_64-5.3.1\plugins\org.apache.poi.ooxml_3.9.0.v201405241905.jar;D:\Katalon_Studio_Windows_64-5.3.1\plugins\org.apache.poi.ooxml.schemas_3.9.0.v201405241750.jar;D:\Katalon_Studio_Windows_64-5.3.1\plugins\org.dom4j_1.6.1.v201312101416.jar;D:\Katalon_Studio_Windows_64-5.3.1\plugins\org.apache.commons.io_2.4.0.jar;D:\Katalon_Studio_Windows_64-5.3.1\plugins\org.apache.commons.lang_2.6.0.jar;D:\Katalon_Studio_Windows_64-5.3.1\plugins\org.apache.xmlbeans_2.6.0.jar;D:\Katalon_Studio_Windows_64-5.3.1\plugins\com.google.gson_2.8.0.jar;D:\Katalon_Studio_Windows_64-5.3.1\plugins\org.jsoup_1.7.2.jar;D:\Katalon_Studio_Windows_64-5.3.1\plugins\com.mysql.jdbc_5.1.38.jar;D:\Katalon_Studio_Windows_64-5.3.1\plugins\com.microsoft.sqlserver.sqljdbc4_4.1.5605.100.jar;D
Launcher Type: SUN_STANDARD

Environment Variables:
PATH=D:/Katalon_Studio_Windows_64-5.3.1/jre/bin/server;D:/Katalon_Studio_Windows_64-5.3.1/jre/bin;D:/Katalon_Studio_Windows_64-5.3.1/jre/lib/amd64;C:\Program Files (x86)\Razer Chroma SDK\bin;C:\Program Files\Razer Chroma SDK\bin;C:\ProgramData\Oracle\Java\javapath;C:\Program Files (x86)\Intel\Intel(R) Management Engine Components\iCLS\;C:\Program Files\Intel\Intel(R) Management Engine Components\iCLS\;C:\Windows\system32;C:\Windows;C:\Windows\System32\Wbem;C:\Windows\System32\WindowsPowerShell\v1.0\;C:\Program Files (x86)\Intel\Intel(R) Management Engine Components\DAL;C:\Program Files\Intel\Intel(R) Management Engine Components\DAL;C:\Program Files (x86)\Intel\Intel(R) Management Engine Components\IPT;C:\Program Files\Intel\Intel(R) Management Engine Components\IPT;C:\Program Files (x86)\NVIDIA Corporation\PhysX\Common;C:\Windows\system32\config\systemprofile\AppData\Local\Microsoft\WindowsApps;C:\Program Files\nodejs\;C:\Program Files (x86)\Yarn\bin\;C:\Program Files\Microsoft SQL Server\Client SDK\ODBC\130\Tools\Binn\;C:\Program Files (x86)\Microsoft SQL Server\140\Tools\Binn\;C:\Program Files\Microsoft SQL Server\140\Tools\Binn\;C:\Program Files\Microsoft SQL Server\140\DTS\Binn\;C:\Program Files (x86)\Microsoft SQL Server\Client SDK\ODBC\130\Tools\Binn\;C:\Program Files (x86)\Microsoft SQL Server\140\DTS\Binn\;C:\Program Files (x86)\Microsoft SQL Server\140\Tools\Binn\ManagementStudio\;C:\Users\MSI Raider\AppData\Local\Microsoft\WindowsApps;C:\Users\MSI Raider\AppData\Local\GitHubDesktop\bin;C:\Users\MSI Raider\AppData\Local\atom\bin;C:\Users\MSI Raider\AppData\Local\rodeo\app-2.5.2\bin;C:\Users\MSI Raider\AppData\Roaming\npm;C:\Users\MSI Raider\AppData\Local\Yarn\bin;C:\Program Files\Microsoft VS Code\bin;C:\Python27;C:\Python27\Scripts;;D:\Katalon_Studio_Windows_64-5.3.1;
USERNAME=MSI Raider
OS=Windows_NT
PROCESSOR_IDENTIFIER=Intel64 Family 6 Model 158 Stepping 9, GenuineIntel



---------------  S Y S T E M  ---------------

OS: Windows 10.0 , 64 bit Build 16299 (10.0.16299.15)

CPU:total 8 (4 cores per cpu, 2 threads per core) family 6 model 158 stepping 9, cmov, cx8, fxsr, mmx, sse, sse2, sse3, ssse3, sse4.1, sse4.2, popcnt, avx, avx2, aes, clmul, erms, 3dnowpref, lzcnt, ht, tsc, tscinvbit, bmi1, bmi2, adx

Memory: 4k page, physical 16659360k(2839180k free), swap 22383800k(2660k free)

vm_info: Java HotSpot(TM) 64-Bit Server VM (25.102-b14) for windows-amd64 JRE (1.8.0_102-b14), built on Jun 22 2016 13:15:21 by "java_re" with MS VC++ 10.0 (VS2010)

time: Tue Mar 27 19:26:59 2018
elapsed time: 8 seconds (0d 0h 0m 8s)

