<?xml version="1.0" encoding="UTF-8" standalone="no"?>
<!DOCTYPE log SYSTEM "logger.dtd">
<log>
<record>
  <date>2018-03-28T00:12:51</date>
  <millis>1522170771369</millis>
  <sequence>0</sequence>
  <level>START</level>
  <class>com.kms.katalon.core.logging.KeywordLogger</class>
  <method>startSuite</method>
  <thread>1</thread>
  <message>Start Test Suite : Test Suites/UC-29</message>
  <nestedLevel>0</nestedLevel>
  <property name="name">UC-29</property>
  <property name="description"></property>
  <property name="id">Test Suites/UC-29</property>
</record>
<record>
  <date>2018-03-28T00:12:51</date>
  <millis>1522170771527</millis>
  <sequence>1</sequence>
  <level>RUN_DATA</level>
  <class>com.kms.katalon.core.logging.KeywordLogger</class>
  <method>logMessage</method>
  <thread>1</thread>
  <message>Logging run data &amp;apos;hostName&amp;apos; with value &amp;apos;Lenovo user - DESKTOP-IUICEE5&amp;apos;</message>
  <nestedLevel>0</nestedLevel>
  <property name="hostName">Lenovo user - DESKTOP-IUICEE5</property>
</record>
<record>
  <date>2018-03-28T00:12:51</date>
  <millis>1522170771528</millis>
  <sequence>2</sequence>
  <level>RUN_DATA</level>
  <class>com.kms.katalon.core.logging.KeywordLogger</class>
  <method>logMessage</method>
  <thread>1</thread>
  <message>Logging run data &amp;apos;os&amp;apos; with value &amp;apos;Windows 10 64bit&amp;apos;</message>
  <nestedLevel>0</nestedLevel>
  <property name="os">Windows 10 64bit</property>
</record>
<record>
  <date>2018-03-28T00:12:51</date>
  <millis>1522170771529</millis>
  <sequence>3</sequence>
  <level>RUN_DATA</level>
  <class>com.kms.katalon.core.logging.KeywordLogger</class>
  <method>logMessage</method>
  <thread>1</thread>
  <message>Logging run data &amp;apos;hostAddress&amp;apos; with value &amp;apos;192.168.1.4&amp;apos;</message>
  <nestedLevel>0</nestedLevel>
  <property name="hostAddress">192.168.1.4</property>
</record>
<record>
  <date>2018-03-28T00:12:51</date>
  <millis>1522170771530</millis>
  <sequence>4</sequence>
  <level>RUN_DATA</level>
  <class>com.kms.katalon.core.logging.KeywordLogger</class>
  <method>logMessage</method>
  <thread>1</thread>
  <message>Logging run data &amp;apos;katalonVersion&amp;apos; with value &amp;apos;5.3.1.1&amp;apos;</message>
  <nestedLevel>0</nestedLevel>
  <property name="katalonVersion">5.3.1.1</property>
</record>
<record>
  <date>2018-03-28T00:12:52</date>
  <millis>1522170772775</millis>
  <sequence>5</sequence>
  <level>START</level>
  <class>com.kms.katalon.core.logging.KeywordLogger</class>
  <method>startTest</method>
  <thread>1</thread>
  <message>Start Test Case : Test Cases/lecturer/UC-29/lecturer_view_course_detail</message>
  <nestedLevel>1</nestedLevel>
  <property name="name">Test Cases/lecturer/UC-29/lecturer_view_course_detail</property>
  <property name="description"></property>
  <property name="id">Test Cases/lecturer/UC-29/lecturer_view_course_detail</property>
  <property name="source">D:\\Katalon\\Katalon_Studio_Windows_64-5.3.1\\Katalon-project\\Test Cases\\lecturer\\UC-29\\lecturer_view_course_detail.tc</property>
  <property name="isOptional">false</property>
</record>
<record>
  <date>2018-03-28T00:12:52</date>
  <millis>1522170772804</millis>
  <sequence>6</sequence>
  <level>INFO</level>
  <class>com.kms.katalon.core.logging.KeywordLogger</class>
  <method>logMessage</method>
  <thread>1</thread>
  <message>Evaluating variables for test case</message>
  <nestedLevel>1</nestedLevel>
</record>
<record>
  <date>2018-03-28T00:12:53</date>
  <millis>1522170773888</millis>
  <sequence>7</sequence>
  <level>START</level>
  <class>com.kms.katalon.core.logging.KeywordLogger</class>
  <method>startKeyword</method>
  <thread>1</thread>
  <message>Start action : openBrowser</message>
  <nestedLevel>1</nestedLevel>
  <property name="startLine">23</property>
  <property name="stepIndex">1</property>
</record>
<record>
  <date>2018-03-28T00:12:55</date>
  <millis>1522170775963</millis>
  <sequence>8</sequence>
  <level>INFO</level>
  <class>com.kms.katalon.core.logging.KeywordLogger</class>
  <method>logMessage</method>
  <thread>1</thread>
  <message>Opening browser</message>
  <nestedLevel>1</nestedLevel>
</record>
<record>
  <date>2018-03-28T00:12:55</date>
  <millis>1522170775970</millis>
  <sequence>9</sequence>
  <level>INFO</level>
  <class>com.kms.katalon.core.logging.KeywordLogger</class>
  <method>logMessage</method>
  <thread>1</thread>
  <message>Starting &amp;apos;Firefox&amp;apos; driver</message>
  <nestedLevel>1</nestedLevel>
</record>
<record>
  <date>2018-03-28T00:12:56</date>
  <millis>1522170776025</millis>
  <sequence>10</sequence>
  <level>INFO</level>
  <class>com.kms.katalon.core.logging.KeywordLogger</class>
  <method>logMessage</method>
  <thread>1</thread>
  <message>Action delay is set to 0 seconds</message>
  <nestedLevel>1</nestedLevel>
</record>
<record>
  <date>2018-03-28T00:13:04</date>
  <millis>1522170784744</millis>
  <sequence>12</sequence>
  <level>RUN_DATA</level>
  <class>com.kms.katalon.core.logging.KeywordLogger</class>
  <method>logMessage</method>
  <thread>1</thread>
  <message>Logging run data &amp;apos;sessionId&amp;apos; with value &amp;apos;e6066fa3-2144-4383-911d-6c315a2ea05c&amp;apos;</message>
  <nestedLevel>1</nestedLevel>
  <property name="sessionId">e6066fa3-2144-4383-911d-6c315a2ea05c</property>
</record>
<record>
  <date>2018-03-28T00:13:04</date>
  <millis>1522170784780</millis>
  <sequence>13</sequence>
  <level>RUN_DATA</level>
  <class>com.kms.katalon.core.logging.KeywordLogger</class>
  <method>logMessage</method>
  <thread>1</thread>
  <message>Logging run data &amp;apos;browser&amp;apos; with value &amp;apos;Firefox 58.0&amp;apos;</message>
  <nestedLevel>1</nestedLevel>
  <property name="browser">Firefox 58.0</property>
</record>
<record>
  <date>2018-03-28T00:13:04</date>
  <millis>1522170784780</millis>
  <sequence>14</sequence>
  <level>RUN_DATA</level>
  <class>com.kms.katalon.core.logging.KeywordLogger</class>
  <method>logMessage</method>
  <thread>1</thread>
  <message>Logging run data &amp;apos;platform&amp;apos; with value &amp;apos;Windows 10&amp;apos;</message>
  <nestedLevel>1</nestedLevel>
  <property name="platform">Windows 10</property>
</record>
<record>
  <date>2018-03-28T00:13:04</date>
  <millis>1522170784785</millis>
  <sequence>15</sequence>
  <level>RUN_DATA</level>
  <class>com.kms.katalon.core.logging.KeywordLogger</class>
  <method>logMessage</method>
  <thread>1</thread>
  <message>Logging run data &amp;apos;seleniumVersion&amp;apos; with value &amp;apos;3.7.1&amp;apos;</message>
  <nestedLevel>1</nestedLevel>
  <property name="seleniumVersion">3.7.1</property>
</record>
<record>
  <date>2018-03-28T00:13:04</date>
  <millis>1522170784789</millis>
  <sequence>16</sequence>
  <level>RUN_DATA</level>
  <class>com.kms.katalon.core.logging.KeywordLogger</class>
  <method>logMessage</method>
  <thread>1</thread>
  <message>Logging run data &amp;apos;proxyInformation&amp;apos; with value &amp;apos;ProxyInformation{proxyOption=NO_PROXY, proxyServerType=HTTP, password=, proxyServerAddress=, proxyServerPort=0}&amp;apos;</message>
  <nestedLevel>1</nestedLevel>
  <property name="proxyInformation">ProxyInformation{proxyOption=NO_PROXY, proxyServerType=HTTP, password=, proxyServerAddress=, proxyServerPort=0}</property>
</record>
<record>
  <date>2018-03-28T00:13:04</date>
  <millis>1522170784792</millis>
  <sequence>17</sequence>
  <level>PASSED</level>
  <class>com.kms.katalon.core.logging.KeywordLogger</class>
  <method>logMessage</method>
  <thread>1</thread>
  <message>Browser is opened with url: &amp;apos;&amp;apos;</message>
  <nestedLevel>1</nestedLevel>
</record>
<record>
  <date>2018-03-28T00:13:04</date>
  <millis>1522170784793</millis>
  <sequence>18</sequence>
  <level>END</level>
  <class>com.kms.katalon.core.logging.KeywordLogger</class>
  <method>endKeyword</method>
  <thread>1</thread>
  <message>End action : openBrowser</message>
  <nestedLevel>1</nestedLevel>
</record>
<record>
  <date>2018-03-28T00:13:04</date>
  <millis>1522170784794</millis>
  <sequence>19</sequence>
  <level>START</level>
  <class>com.kms.katalon.core.logging.KeywordLogger</class>
  <method>startKeyword</method>
  <thread>1</thread>
  <message>Start action : navigateToUrl</message>
  <nestedLevel>1</nestedLevel>
  <property name="startLine">25</property>
  <property name="stepIndex">2</property>
</record>
<record>
  <date>2018-03-28T00:13:04</date>
  <millis>1522170784958</millis>
  <sequence>20</sequence>
  <level>INFO</level>
  <class>com.kms.katalon.core.logging.KeywordLogger</class>
  <method>logMessage</method>
  <thread>1</thread>
  <message>Checking url</message>
  <nestedLevel>1</nestedLevel>
</record>
<record>
  <date>2018-03-28T00:13:04</date>
  <millis>1522170784960</millis>
  <sequence>21</sequence>
  <level>INFO</level>
  <class>com.kms.katalon.core.logging.KeywordLogger</class>
  <method>logMessage</method>
  <thread>1</thread>
  <message>Navigating to &amp;apos;http://localhost:4200/&amp;apos;</message>
  <nestedLevel>1</nestedLevel>
</record>
<record>
  <date>2018-03-28T00:13:17</date>
  <millis>1522170797827</millis>
  <sequence>22</sequence>
  <level>PASSED</level>
  <class>com.kms.katalon.core.logging.KeywordLogger</class>
  <method>logMessage</method>
  <thread>1</thread>
  <message>Navigate to &amp;apos;http://localhost:4200/&amp;apos; successfully</message>
  <nestedLevel>1</nestedLevel>
</record>
<record>
  <date>2018-03-28T00:13:17</date>
  <millis>1522170797828</millis>
  <sequence>23</sequence>
  <level>END</level>
  <class>com.kms.katalon.core.logging.KeywordLogger</class>
  <method>endKeyword</method>
  <thread>1</thread>
  <message>End action : navigateToUrl</message>
  <nestedLevel>1</nestedLevel>
</record>
<record>
  <date>2018-03-28T00:13:17</date>
  <millis>1522170797829</millis>
  <sequence>24</sequence>
  <level>START</level>
  <class>com.kms.katalon.core.logging.KeywordLogger</class>
  <method>startKeyword</method>
  <thread>1</thread>
  <message>Start action : maximizeWindow</message>
  <nestedLevel>1</nestedLevel>
  <property name="startLine">27</property>
  <property name="stepIndex">3</property>
</record>
<record>
  <date>2018-03-28T00:13:17</date>
  <millis>1522170797908</millis>
  <sequence>25</sequence>
  <level>INFO</level>
  <class>com.kms.katalon.core.logging.KeywordLogger</class>
  <method>logMessage</method>
  <thread>1</thread>
  <message>Maximizing current window</message>
  <nestedLevel>1</nestedLevel>
</record>
<record>
  <date>2018-03-28T00:13:18</date>
  <millis>1522170798397</millis>
  <sequence>26</sequence>
  <level>PASSED</level>
  <class>com.kms.katalon.core.logging.KeywordLogger</class>
  <method>logMessage</method>
  <thread>1</thread>
  <message>Current window maximized</message>
  <nestedLevel>1</nestedLevel>
</record>
<record>
  <date>2018-03-28T00:13:18</date>
  <millis>1522170798398</millis>
  <sequence>27</sequence>
  <level>END</level>
  <class>com.kms.katalon.core.logging.KeywordLogger</class>
  <method>endKeyword</method>
  <thread>1</thread>
  <message>End action : maximizeWindow</message>
  <nestedLevel>1</nestedLevel>
</record>
<record>
  <date>2018-03-28T00:13:18</date>
  <millis>1522170798399</millis>
  <sequence>28</sequence>
  <level>START</level>
  <class>com.kms.katalon.core.logging.KeywordLogger</class>
  <method>startKeyword</method>
  <thread>1</thread>
  <message>Start action : click</message>
  <nestedLevel>1</nestedLevel>
  <property name="startLine">29</property>
  <property name="stepIndex">4</property>
</record>
<record>
  <date>2018-03-28T00:13:18</date>
  <millis>1522170798537</millis>
  <sequence>29</sequence>
  <level>INFO</level>
  <class>com.kms.katalon.core.logging.KeywordLogger</class>
  <method>logMessage</method>
  <thread>1</thread>
  <message>Finding Test Object with id &amp;apos;Object Repository/UC-29/Page_Registration/a_Lecturer&amp;apos;</message>
  <nestedLevel>1</nestedLevel>
</record>
<record>
  <date>2018-03-28T00:13:18</date>
  <millis>1522170798668</millis>
  <sequence>30</sequence>
  <level>INFO</level>
  <class>com.kms.katalon.core.logging.KeywordLogger</class>
  <method>logMessage</method>
  <thread>1</thread>
  <message>Checking object</message>
  <nestedLevel>1</nestedLevel>
</record>
<record>
  <date>2018-03-28T00:13:18</date>
  <millis>1522170798669</millis>
  <sequence>31</sequence>
  <level>INFO</level>
  <class>com.kms.katalon.core.logging.KeywordLogger</class>
  <method>logMessage</method>
  <thread>1</thread>
  <message>Checking timeout</message>
  <nestedLevel>1</nestedLevel>
</record>
<record>
  <date>2018-03-28T00:13:18</date>
  <millis>1522170798956</millis>
  <sequence>32</sequence>
  <level>INFO</level>
  <class>com.kms.katalon.core.logging.KeywordLogger</class>
  <method>logMessage</method>
  <thread>1</thread>
  <message>Finding web element with id: &amp;apos;Object Repository/UC-29/Page_Registration/a_Lecturer&amp;apos; located by &amp;apos;By.xpath: //a[@href = &amp;apos;#test-swipe-2&amp;apos; and (text() = &amp;apos;Lecturer&amp;apos; or . = &amp;apos;Lecturer&amp;apos;)]&amp;apos; in &amp;apos;30&amp;apos; second(s)</message>
  <nestedLevel>1</nestedLevel>
</record>
<record>
  <date>2018-03-28T00:13:19</date>
  <millis>1522170799122</millis>
  <sequence>33</sequence>
  <level>INFO</level>
  <class>com.kms.katalon.core.logging.KeywordLogger</class>
  <method>logMessage</method>
  <thread>1</thread>
  <message>Found 1 web elements with id: &amp;apos;Object Repository/UC-29/Page_Registration/a_Lecturer&amp;apos; located by &amp;apos;By.xpath: //a[@href = &amp;apos;#test-swipe-2&amp;apos; and (text() = &amp;apos;Lecturer&amp;apos; or . = &amp;apos;Lecturer&amp;apos;)]&amp;apos; in &amp;apos;30&amp;apos; second(s)</message>
  <nestedLevel>1</nestedLevel>
</record>
<record>
  <date>2018-03-28T00:13:19</date>
  <millis>1522170799123</millis>
  <sequence>34</sequence>
  <level>INFO</level>
  <class>com.kms.katalon.core.logging.KeywordLogger</class>
  <method>logMessage</method>
  <thread>1</thread>
  <message>Clicking on object: &amp;apos;Object Repository/UC-29/Page_Registration/a_Lecturer&amp;apos;</message>
  <nestedLevel>1</nestedLevel>
</record>
<record>
  <date>2018-03-28T00:13:19</date>
  <millis>1522170799522</millis>
  <sequence>35</sequence>
  <level>PASSED</level>
  <class>com.kms.katalon.core.logging.KeywordLogger</class>
  <method>logMessage</method>
  <thread>1</thread>
  <message>Object: &amp;apos;Object Repository/UC-29/Page_Registration/a_Lecturer&amp;apos; is clicked on</message>
  <nestedLevel>1</nestedLevel>
</record>
<record>
  <date>2018-03-28T00:13:19</date>
  <millis>1522170799522</millis>
  <sequence>36</sequence>
  <level>END</level>
  <class>com.kms.katalon.core.logging.KeywordLogger</class>
  <method>endKeyword</method>
  <thread>1</thread>
  <message>End action : click</message>
  <nestedLevel>1</nestedLevel>
</record>
<record>
  <date>2018-03-28T00:13:19</date>
  <millis>1522170799523</millis>
  <sequence>37</sequence>
  <level>START</level>
  <class>com.kms.katalon.core.logging.KeywordLogger</class>
  <method>startKeyword</method>
  <thread>1</thread>
  <message>Start action : setText</message>
  <nestedLevel>1</nestedLevel>
  <property name="startLine">31</property>
  <property name="stepIndex">5</property>
</record>
<record>
  <date>2018-03-28T00:13:19</date>
  <millis>1522170799524</millis>
  <sequence>38</sequence>
  <level>INFO</level>
  <class>com.kms.katalon.core.logging.KeywordLogger</class>
  <method>logMessage</method>
  <thread>1</thread>
  <message>Finding Test Object with id &amp;apos;Object Repository/UC-29/Page_Registration/input_username_lec&amp;apos;</message>
  <nestedLevel>1</nestedLevel>
</record>
<record>
  <date>2018-03-28T00:13:19</date>
  <millis>1522170799541</millis>
  <sequence>39</sequence>
  <level>INFO</level>
  <class>com.kms.katalon.core.logging.KeywordLogger</class>
  <method>logMessage</method>
  <thread>1</thread>
  <message>Checking object</message>
  <nestedLevel>1</nestedLevel>
</record>
<record>
  <date>2018-03-28T00:13:19</date>
  <millis>1522170799542</millis>
  <sequence>40</sequence>
  <level>INFO</level>
  <class>com.kms.katalon.core.logging.KeywordLogger</class>
  <method>logMessage</method>
  <thread>1</thread>
  <message>Checking text</message>
  <nestedLevel>1</nestedLevel>
</record>
<record>
  <date>2018-03-28T00:13:19</date>
  <millis>1522170799542</millis>
  <sequence>41</sequence>
  <level>INFO</level>
  <class>com.kms.katalon.core.logging.KeywordLogger</class>
  <method>logMessage</method>
  <thread>1</thread>
  <message>Checking timeout</message>
  <nestedLevel>1</nestedLevel>
</record>
<record>
  <date>2018-03-28T00:13:19</date>
  <millis>1522170799543</millis>
  <sequence>42</sequence>
  <level>INFO</level>
  <class>com.kms.katalon.core.logging.KeywordLogger</class>
  <method>logMessage</method>
  <thread>1</thread>
  <message>Finding web element with id: &amp;apos;Object Repository/UC-29/Page_Registration/input_username_lec&amp;apos; located by &amp;apos;By.xpath: //input[@name = &amp;apos;username_lec&amp;apos; and @type = &amp;apos;text&amp;apos;]&amp;apos; in &amp;apos;30&amp;apos; second(s)</message>
  <nestedLevel>1</nestedLevel>
</record>
<record>
  <date>2018-03-28T00:13:19</date>
  <millis>1522170799558</millis>
  <sequence>43</sequence>
  <level>INFO</level>
  <class>com.kms.katalon.core.logging.KeywordLogger</class>
  <method>logMessage</method>
  <thread>1</thread>
  <message>Found 1 web elements with id: &amp;apos;Object Repository/UC-29/Page_Registration/input_username_lec&amp;apos; located by &amp;apos;By.xpath: //input[@name = &amp;apos;username_lec&amp;apos; and @type = &amp;apos;text&amp;apos;]&amp;apos; in &amp;apos;30&amp;apos; second(s)</message>
  <nestedLevel>1</nestedLevel>
</record>
<record>
  <date>2018-03-28T00:13:19</date>
  <millis>1522170799560</millis>
  <sequence>44</sequence>
  <level>INFO</level>
  <class>com.kms.katalon.core.logging.KeywordLogger</class>
  <method>logMessage</method>
  <thread>1</thread>
  <message>Clearing text of object &amp;apos;Object Repository/UC-29/Page_Registration/input_username_lec&amp;apos;</message>
  <nestedLevel>1</nestedLevel>
</record>
<record>
  <date>2018-03-28T00:13:19</date>
  <millis>1522170799596</millis>
  <sequence>45</sequence>
  <level>INFO</level>
  <class>com.kms.katalon.core.logging.KeywordLogger</class>
  <method>logMessage</method>
  <thread>1</thread>
  <message>Checking timeout</message>
  <nestedLevel>1</nestedLevel>
</record>
<record>
  <date>2018-03-28T00:13:19</date>
  <millis>1522170799597</millis>
  <sequence>46</sequence>
  <level>INFO</level>
  <class>com.kms.katalon.core.logging.KeywordLogger</class>
  <method>logMessage</method>
  <thread>1</thread>
  <message>Finding web element with id: &amp;apos;Object Repository/UC-29/Page_Registration/input_username_lec&amp;apos; located by &amp;apos;By.xpath: //input[@name = &amp;apos;username_lec&amp;apos; and @type = &amp;apos;text&amp;apos;]&amp;apos; in &amp;apos;30&amp;apos; second(s)</message>
  <nestedLevel>1</nestedLevel>
</record>
<record>
  <date>2018-03-28T00:13:19</date>
  <millis>1522170799789</millis>
  <sequence>47</sequence>
  <level>INFO</level>
  <class>com.kms.katalon.core.logging.KeywordLogger</class>
  <method>logMessage</method>
  <thread>1</thread>
  <message>Found 1 web elements with id: &amp;apos;Object Repository/UC-29/Page_Registration/input_username_lec&amp;apos; located by &amp;apos;By.xpath: //input[@name = &amp;apos;username_lec&amp;apos; and @type = &amp;apos;text&amp;apos;]&amp;apos; in &amp;apos;30&amp;apos; second(s)</message>
  <nestedLevel>1</nestedLevel>
</record>
<record>
  <date>2018-03-28T00:13:19</date>
  <millis>1522170799796</millis>
  <sequence>48</sequence>
  <level>INFO</level>
  <class>com.kms.katalon.core.logging.KeywordLogger</class>
  <method>logMessage</method>
  <thread>1</thread>
  <message>Setting text of object &amp;apos;Object Repository/UC-29/Page_Registration/input_username_lec&amp;apos; to value &amp;apos;lecturer&amp;apos;</message>
  <nestedLevel>1</nestedLevel>
</record>
<record>
  <date>2018-03-28T00:13:19</date>
  <millis>1522170799910</millis>
  <sequence>49</sequence>
  <level>PASSED</level>
  <class>com.kms.katalon.core.logging.KeywordLogger</class>
  <method>logMessage</method>
  <thread>1</thread>
  <message>Text &amp;apos;lecturer&amp;apos; is set on object &amp;apos;Object Repository/UC-29/Page_Registration/input_username_lec&amp;apos;</message>
  <nestedLevel>1</nestedLevel>
</record>
<record>
  <date>2018-03-28T00:13:19</date>
  <millis>1522170799911</millis>
  <sequence>50</sequence>
  <level>END</level>
  <class>com.kms.katalon.core.logging.KeywordLogger</class>
  <method>endKeyword</method>
  <thread>1</thread>
  <message>End action : setText</message>
  <nestedLevel>1</nestedLevel>
</record>
<record>
  <date>2018-03-28T00:13:19</date>
  <millis>1522170799911</millis>
  <sequence>51</sequence>
  <level>START</level>
  <class>com.kms.katalon.core.logging.KeywordLogger</class>
  <method>startKeyword</method>
  <thread>1</thread>
  <message>Start action : setText</message>
  <nestedLevel>1</nestedLevel>
  <property name="startLine">33</property>
  <property name="stepIndex">6</property>
</record>
<record>
  <date>2018-03-28T00:13:19</date>
  <millis>1522170799912</millis>
  <sequence>52</sequence>
  <level>INFO</level>
  <class>com.kms.katalon.core.logging.KeywordLogger</class>
  <method>logMessage</method>
  <thread>1</thread>
  <message>Finding Test Object with id &amp;apos;Object Repository/UC-29/Page_Registration/input_password_lec&amp;apos;</message>
  <nestedLevel>1</nestedLevel>
</record>
<record>
  <date>2018-03-28T00:13:19</date>
  <millis>1522170799928</millis>
  <sequence>53</sequence>
  <level>INFO</level>
  <class>com.kms.katalon.core.logging.KeywordLogger</class>
  <method>logMessage</method>
  <thread>1</thread>
  <message>Checking object</message>
  <nestedLevel>1</nestedLevel>
</record>
<record>
  <date>2018-03-28T00:13:19</date>
  <millis>1522170799928</millis>
  <sequence>54</sequence>
  <level>INFO</level>
  <class>com.kms.katalon.core.logging.KeywordLogger</class>
  <method>logMessage</method>
  <thread>1</thread>
  <message>Checking text</message>
  <nestedLevel>1</nestedLevel>
</record>
<record>
  <date>2018-03-28T00:13:19</date>
  <millis>1522170799929</millis>
  <sequence>55</sequence>
  <level>INFO</level>
  <class>com.kms.katalon.core.logging.KeywordLogger</class>
  <method>logMessage</method>
  <thread>1</thread>
  <message>Checking timeout</message>
  <nestedLevel>1</nestedLevel>
</record>
<record>
  <date>2018-03-28T00:13:19</date>
  <millis>1522170799930</millis>
  <sequence>56</sequence>
  <level>INFO</level>
  <class>com.kms.katalon.core.logging.KeywordLogger</class>
  <method>logMessage</method>
  <thread>1</thread>
  <message>Finding web element with id: &amp;apos;Object Repository/UC-29/Page_Registration/input_password_lec&amp;apos; located by &amp;apos;By.xpath: //input[@name = &amp;apos;password_lec&amp;apos; and @type = &amp;apos;password&amp;apos;]&amp;apos; in &amp;apos;30&amp;apos; second(s)</message>
  <nestedLevel>1</nestedLevel>
</record>
<record>
  <date>2018-03-28T00:13:21</date>
  <millis>1522170801247</millis>
  <sequence>57</sequence>
  <level>INFO</level>
  <class>com.kms.katalon.core.logging.KeywordLogger</class>
  <method>logMessage</method>
  <thread>1</thread>
  <message>Found 1 web elements with id: &amp;apos;Object Repository/UC-29/Page_Registration/input_password_lec&amp;apos; located by &amp;apos;By.xpath: //input[@name = &amp;apos;password_lec&amp;apos; and @type = &amp;apos;password&amp;apos;]&amp;apos; in &amp;apos;30&amp;apos; second(s)</message>
  <nestedLevel>1</nestedLevel>
</record>
<record>
  <date>2018-03-28T00:13:21</date>
  <millis>1522170801247</millis>
  <sequence>58</sequence>
  <level>INFO</level>
  <class>com.kms.katalon.core.logging.KeywordLogger</class>
  <method>logMessage</method>
  <thread>1</thread>
  <message>Clearing text of object &amp;apos;Object Repository/UC-29/Page_Registration/input_password_lec&amp;apos;</message>
  <nestedLevel>1</nestedLevel>
</record>
<record>
  <date>2018-03-28T00:13:21</date>
  <millis>1522170801394</millis>
  <sequence>59</sequence>
  <level>INFO</level>
  <class>com.kms.katalon.core.logging.KeywordLogger</class>
  <method>logMessage</method>
  <thread>1</thread>
  <message>Checking timeout</message>
  <nestedLevel>1</nestedLevel>
</record>
<record>
  <date>2018-03-28T00:13:21</date>
  <millis>1522170801395</millis>
  <sequence>60</sequence>
  <level>INFO</level>
  <class>com.kms.katalon.core.logging.KeywordLogger</class>
  <method>logMessage</method>
  <thread>1</thread>
  <message>Finding web element with id: &amp;apos;Object Repository/UC-29/Page_Registration/input_password_lec&amp;apos; located by &amp;apos;By.xpath: //input[@name = &amp;apos;password_lec&amp;apos; and @type = &amp;apos;password&amp;apos;]&amp;apos; in &amp;apos;30&amp;apos; second(s)</message>
  <nestedLevel>1</nestedLevel>
</record>
<record>
  <date>2018-03-28T00:13:21</date>
  <millis>1522170801424</millis>
  <sequence>61</sequence>
  <level>INFO</level>
  <class>com.kms.katalon.core.logging.KeywordLogger</class>
  <method>logMessage</method>
  <thread>1</thread>
  <message>Found 1 web elements with id: &amp;apos;Object Repository/UC-29/Page_Registration/input_password_lec&amp;apos; located by &amp;apos;By.xpath: //input[@name = &amp;apos;password_lec&amp;apos; and @type = &amp;apos;password&amp;apos;]&amp;apos; in &amp;apos;30&amp;apos; second(s)</message>
  <nestedLevel>1</nestedLevel>
</record>
<record>
  <date>2018-03-28T00:13:21</date>
  <millis>1522170801425</millis>
  <sequence>62</sequence>
  <level>INFO</level>
  <class>com.kms.katalon.core.logging.KeywordLogger</class>
  <method>logMessage</method>
  <thread>1</thread>
  <message>Setting text of object &amp;apos;Object Repository/UC-29/Page_Registration/input_password_lec&amp;apos; to value &amp;apos;lecturer&amp;apos;</message>
  <nestedLevel>1</nestedLevel>
</record>
<record>
  <date>2018-03-28T00:13:21</date>
  <millis>1522170801477</millis>
  <sequence>63</sequence>
  <level>PASSED</level>
  <class>com.kms.katalon.core.logging.KeywordLogger</class>
  <method>logMessage</method>
  <thread>1</thread>
  <message>Text &amp;apos;lecturer&amp;apos; is set on object &amp;apos;Object Repository/UC-29/Page_Registration/input_password_lec&amp;apos;</message>
  <nestedLevel>1</nestedLevel>
</record>
<record>
  <date>2018-03-28T00:13:21</date>
  <millis>1522170801477</millis>
  <sequence>64</sequence>
  <level>END</level>
  <class>com.kms.katalon.core.logging.KeywordLogger</class>
  <method>endKeyword</method>
  <thread>1</thread>
  <message>End action : setText</message>
  <nestedLevel>1</nestedLevel>
</record>
<record>
  <date>2018-03-28T00:13:21</date>
  <millis>1522170801478</millis>
  <sequence>65</sequence>
  <level>START</level>
  <class>com.kms.katalon.core.logging.KeywordLogger</class>
  <method>startKeyword</method>
  <thread>1</thread>
  <message>Start action : click</message>
  <nestedLevel>1</nestedLevel>
  <property name="startLine">35</property>
  <property name="stepIndex">7</property>
</record>
<record>
  <date>2018-03-28T00:13:21</date>
  <millis>1522170801479</millis>
  <sequence>66</sequence>
  <level>INFO</level>
  <class>com.kms.katalon.core.logging.KeywordLogger</class>
  <method>logMessage</method>
  <thread>1</thread>
  <message>Finding Test Object with id &amp;apos;Object Repository/UC-29/Page_Registration/input_loginbtn_l&amp;apos;</message>
  <nestedLevel>1</nestedLevel>
</record>
<record>
  <date>2018-03-28T00:13:21</date>
  <millis>1522170801512</millis>
  <sequence>67</sequence>
  <level>INFO</level>
  <class>com.kms.katalon.core.logging.KeywordLogger</class>
  <method>logMessage</method>
  <thread>1</thread>
  <message>Checking object</message>
  <nestedLevel>1</nestedLevel>
</record>
<record>
  <date>2018-03-28T00:13:21</date>
  <millis>1522170801513</millis>
  <sequence>68</sequence>
  <level>INFO</level>
  <class>com.kms.katalon.core.logging.KeywordLogger</class>
  <method>logMessage</method>
  <thread>1</thread>
  <message>Checking timeout</message>
  <nestedLevel>1</nestedLevel>
</record>
<record>
  <date>2018-03-28T00:13:21</date>
  <millis>1522170801514</millis>
  <sequence>69</sequence>
  <level>INFO</level>
  <class>com.kms.katalon.core.logging.KeywordLogger</class>
  <method>logMessage</method>
  <thread>1</thread>
  <message>Finding web element with id: &amp;apos;Object Repository/UC-29/Page_Registration/input_loginbtn_l&amp;apos; located by &amp;apos;By.xpath: //input[@id = &amp;apos;loginbtn_l&amp;apos; and @type = &amp;apos;submit&amp;apos;]&amp;apos; in &amp;apos;30&amp;apos; second(s)</message>
  <nestedLevel>1</nestedLevel>
</record>
<record>
  <date>2018-03-28T00:13:21</date>
  <millis>1522170801526</millis>
  <sequence>70</sequence>
  <level>INFO</level>
  <class>com.kms.katalon.core.logging.KeywordLogger</class>
  <method>logMessage</method>
  <thread>1</thread>
  <message>Found 1 web elements with id: &amp;apos;Object Repository/UC-29/Page_Registration/input_loginbtn_l&amp;apos; located by &amp;apos;By.xpath: //input[@id = &amp;apos;loginbtn_l&amp;apos; and @type = &amp;apos;submit&amp;apos;]&amp;apos; in &amp;apos;30&amp;apos; second(s)</message>
  <nestedLevel>1</nestedLevel>
</record>
<record>
  <date>2018-03-28T00:13:21</date>
  <millis>1522170801526</millis>
  <sequence>71</sequence>
  <level>INFO</level>
  <class>com.kms.katalon.core.logging.KeywordLogger</class>
  <method>logMessage</method>
  <thread>1</thread>
  <message>Clicking on object: &amp;apos;Object Repository/UC-29/Page_Registration/input_loginbtn_l&amp;apos;</message>
  <nestedLevel>1</nestedLevel>
</record>
<record>
  <date>2018-03-28T00:13:21</date>
  <millis>1522170801875</millis>
  <sequence>72</sequence>
  <level>PASSED</level>
  <class>com.kms.katalon.core.logging.KeywordLogger</class>
  <method>logMessage</method>
  <thread>1</thread>
  <message>Object: &amp;apos;Object Repository/UC-29/Page_Registration/input_loginbtn_l&amp;apos; is clicked on</message>
  <nestedLevel>1</nestedLevel>
</record>
<record>
  <date>2018-03-28T00:13:21</date>
  <millis>1522170801876</millis>
  <sequence>73</sequence>
  <level>END</level>
  <class>com.kms.katalon.core.logging.KeywordLogger</class>
  <method>endKeyword</method>
  <thread>1</thread>
  <message>End action : click</message>
  <nestedLevel>1</nestedLevel>
</record>
<record>
  <date>2018-03-28T00:13:21</date>
  <millis>1522170801876</millis>
  <sequence>74</sequence>
  <level>START</level>
  <class>com.kms.katalon.core.logging.KeywordLogger</class>
  <method>startKeyword</method>
  <thread>1</thread>
  <message>Start action : click</message>
  <nestedLevel>1</nestedLevel>
  <property name="startLine">37</property>
  <property name="stepIndex">8</property>
</record>
<record>
  <date>2018-03-28T00:13:21</date>
  <millis>1522170801877</millis>
  <sequence>75</sequence>
  <level>INFO</level>
  <class>com.kms.katalon.core.logging.KeywordLogger</class>
  <method>logMessage</method>
  <thread>1</thread>
  <message>Finding Test Object with id &amp;apos;Object Repository/UC-29/Page_Registration/span_Courses&amp;apos;</message>
  <nestedLevel>1</nestedLevel>
</record>
<record>
  <date>2018-03-28T00:13:21</date>
  <millis>1522170801882</millis>
  <sequence>76</sequence>
  <level>INFO</level>
  <class>com.kms.katalon.core.logging.KeywordLogger</class>
  <method>logMessage</method>
  <thread>1</thread>
  <message>Checking object</message>
  <nestedLevel>1</nestedLevel>
</record>
<record>
  <date>2018-03-28T00:13:21</date>
  <millis>1522170801883</millis>
  <sequence>77</sequence>
  <level>INFO</level>
  <class>com.kms.katalon.core.logging.KeywordLogger</class>
  <method>logMessage</method>
  <thread>1</thread>
  <message>Checking timeout</message>
  <nestedLevel>1</nestedLevel>
</record>
<record>
  <date>2018-03-28T00:13:21</date>
  <millis>1522170801887</millis>
  <sequence>78</sequence>
  <level>INFO</level>
  <class>com.kms.katalon.core.logging.KeywordLogger</class>
  <method>logMessage</method>
  <thread>1</thread>
  <message>Finding web element with id: &amp;apos;Object Repository/UC-29/Page_Registration/span_Courses&amp;apos; located by &amp;apos;By.xpath: //span[(text() = &amp;apos;Courses&amp;apos; or . = &amp;apos;Courses&amp;apos;)]&amp;apos; in &amp;apos;30&amp;apos; second(s)</message>
  <nestedLevel>1</nestedLevel>
</record>
<record>
  <date>2018-03-28T00:13:21</date>
  <millis>1522170801896</millis>
  <sequence>79</sequence>
  <level>INFO</level>
  <class>com.kms.katalon.core.logging.KeywordLogger</class>
  <method>logMessage</method>
  <thread>1</thread>
  <message>Found 1 web elements with id: &amp;apos;Object Repository/UC-29/Page_Registration/span_Courses&amp;apos; located by &amp;apos;By.xpath: //span[(text() = &amp;apos;Courses&amp;apos; or . = &amp;apos;Courses&amp;apos;)]&amp;apos; in &amp;apos;30&amp;apos; second(s)</message>
  <nestedLevel>1</nestedLevel>
</record>
<record>
  <date>2018-03-28T00:13:21</date>
  <millis>1522170801896</millis>
  <sequence>80</sequence>
  <level>INFO</level>
  <class>com.kms.katalon.core.logging.KeywordLogger</class>
  <method>logMessage</method>
  <thread>1</thread>
  <message>Clicking on object: &amp;apos;Object Repository/UC-29/Page_Registration/span_Courses&amp;apos;</message>
  <nestedLevel>1</nestedLevel>
</record>
<record>
  <date>2018-03-28T00:13:22</date>
  <millis>1522170802130</millis>
  <sequence>81</sequence>
  <level>PASSED</level>
  <class>com.kms.katalon.core.logging.KeywordLogger</class>
  <method>logMessage</method>
  <thread>1</thread>
  <message>Object: &amp;apos;Object Repository/UC-29/Page_Registration/span_Courses&amp;apos; is clicked on</message>
  <nestedLevel>1</nestedLevel>
</record>
<record>
  <date>2018-03-28T00:13:22</date>
  <millis>1522170802132</millis>
  <sequence>82</sequence>
  <level>END</level>
  <class>com.kms.katalon.core.logging.KeywordLogger</class>
  <method>endKeyword</method>
  <thread>1</thread>
  <message>End action : click</message>
  <nestedLevel>1</nestedLevel>
</record>
<record>
  <date>2018-03-28T00:13:22</date>
  <millis>1522170802133</millis>
  <sequence>83</sequence>
  <level>START</level>
  <class>com.kms.katalon.core.logging.KeywordLogger</class>
  <method>startKeyword</method>
  <thread>1</thread>
  <message>Start action : verifyElementPresent</message>
  <nestedLevel>1</nestedLevel>
  <property name="startLine">39</property>
  <property name="stepIndex">9</property>
</record>
<record>
  <date>2018-03-28T00:13:22</date>
  <millis>1522170802133</millis>
  <sequence>84</sequence>
  <level>INFO</level>
  <class>com.kms.katalon.core.logging.KeywordLogger</class>
  <method>logMessage</method>
  <thread>1</thread>
  <message>Finding Test Object with id &amp;apos;Object Repository/UC-29/Page_Registration/span_Courses&amp;apos;</message>
  <nestedLevel>1</nestedLevel>
</record>
<record>
  <date>2018-03-28T00:13:22</date>
  <millis>1522170802151</millis>
  <sequence>85</sequence>
  <level>INFO</level>
  <class>com.kms.katalon.core.logging.KeywordLogger</class>
  <method>logMessage</method>
  <thread>1</thread>
  <message>Checking object</message>
  <nestedLevel>1</nestedLevel>
</record>
<record>
  <date>2018-03-28T00:13:22</date>
  <millis>1522170802151</millis>
  <sequence>86</sequence>
  <level>INFO</level>
  <class>com.kms.katalon.core.logging.KeywordLogger</class>
  <method>logMessage</method>
  <thread>1</thread>
  <message>Checking timeout</message>
  <nestedLevel>1</nestedLevel>
</record>
<record>
  <date>2018-03-28T00:13:22</date>
  <millis>1522170802152</millis>
  <sequence>87</sequence>
  <level>WARNING</level>
  <class>com.kms.katalon.core.logging.KeywordLogger</class>
  <method>logMessage</method>
  <thread>1</thread>
  <message>Timeout &amp;apos;0&amp;apos; is invalid. Using default page load timeout: &amp;apos;30&amp;apos;</message>
  <nestedLevel>1</nestedLevel>
</record>
<record>
  <date>2018-03-28T00:13:22</date>
  <millis>1522170802152</millis>
  <sequence>88</sequence>
  <level>INFO</level>
  <class>com.kms.katalon.core.logging.KeywordLogger</class>
  <method>logMessage</method>
  <thread>1</thread>
  <message>Finding web element with id: &amp;apos;Object Repository/UC-29/Page_Registration/span_Courses&amp;apos; located by &amp;apos;By.xpath: //span[(text() = &amp;apos;Courses&amp;apos; or . = &amp;apos;Courses&amp;apos;)]&amp;apos; in &amp;apos;30&amp;apos; second(s)</message>
  <nestedLevel>1</nestedLevel>
</record>
<record>
  <date>2018-03-28T00:13:22</date>
  <millis>1522170802164</millis>
  <sequence>89</sequence>
  <level>INFO</level>
  <class>com.kms.katalon.core.logging.KeywordLogger</class>
  <method>logMessage</method>
  <thread>1</thread>
  <message>Found 1 web elements with id: &amp;apos;Object Repository/UC-29/Page_Registration/span_Courses&amp;apos; located by &amp;apos;By.xpath: //span[(text() = &amp;apos;Courses&amp;apos; or . = &amp;apos;Courses&amp;apos;)]&amp;apos; in &amp;apos;30&amp;apos; second(s)</message>
  <nestedLevel>1</nestedLevel>
</record>
<record>
  <date>2018-03-28T00:13:22</date>
  <millis>1522170802166</millis>
  <sequence>90</sequence>
  <level>PASSED</level>
  <class>com.kms.katalon.core.logging.KeywordLogger</class>
  <method>logMessage</method>
  <thread>1</thread>
  <message>Object &amp;apos;Object Repository/UC-29/Page_Registration/span_Courses&amp;apos; is present</message>
  <nestedLevel>1</nestedLevel>
</record>
<record>
  <date>2018-03-28T00:13:22</date>
  <millis>1522170802173</millis>
  <sequence>91</sequence>
  <level>END</level>
  <class>com.kms.katalon.core.logging.KeywordLogger</class>
  <method>endKeyword</method>
  <thread>1</thread>
  <message>End action : verifyElementPresent</message>
  <nestedLevel>1</nestedLevel>
</record>
<record>
  <date>2018-03-28T00:13:22</date>
  <millis>1522170802173</millis>
  <sequence>92</sequence>
  <level>START</level>
  <class>com.kms.katalon.core.logging.KeywordLogger</class>
  <method>startKeyword</method>
  <thread>1</thread>
  <message>Start action : click</message>
  <nestedLevel>1</nestedLevel>
  <property name="startLine">41</property>
  <property name="stepIndex">10</property>
</record>
<record>
  <date>2018-03-28T00:13:22</date>
  <millis>1522170802175</millis>
  <sequence>93</sequence>
  <level>INFO</level>
  <class>com.kms.katalon.core.logging.KeywordLogger</class>
  <method>logMessage</method>
  <thread>1</thread>
  <message>Finding Test Object with id &amp;apos;Object Repository/UC-29/Page_Registration/a_Detail&amp;apos;</message>
  <nestedLevel>1</nestedLevel>
</record>
<record>
  <date>2018-03-28T00:13:22</date>
  <millis>1522170802216</millis>
  <sequence>94</sequence>
  <level>INFO</level>
  <class>com.kms.katalon.core.logging.KeywordLogger</class>
  <method>logMessage</method>
  <thread>1</thread>
  <message>Checking object</message>
  <nestedLevel>1</nestedLevel>
</record>
<record>
  <date>2018-03-28T00:13:22</date>
  <millis>1522170802217</millis>
  <sequence>95</sequence>
  <level>INFO</level>
  <class>com.kms.katalon.core.logging.KeywordLogger</class>
  <method>logMessage</method>
  <thread>1</thread>
  <message>Checking timeout</message>
  <nestedLevel>1</nestedLevel>
</record>
<record>
  <date>2018-03-28T00:13:22</date>
  <millis>1522170802217</millis>
  <sequence>96</sequence>
  <level>INFO</level>
  <class>com.kms.katalon.core.logging.KeywordLogger</class>
  <method>logMessage</method>
  <thread>1</thread>
  <message>Finding web element with id: &amp;apos;Object Repository/UC-29/Page_Registration/a_Detail&amp;apos; located by &amp;apos;By.xpath: //a[@href = &amp;apos;/lecturer-course-detail&amp;apos; and (text() = &amp;apos;Detail&amp;apos; or . = &amp;apos;Detail&amp;apos;)]&amp;apos; in &amp;apos;30&amp;apos; second(s)</message>
  <nestedLevel>1</nestedLevel>
</record>
<record>
  <date>2018-03-28T00:13:22</date>
  <millis>1522170802229</millis>
  <sequence>97</sequence>
  <level>INFO</level>
  <class>com.kms.katalon.core.logging.KeywordLogger</class>
  <method>logMessage</method>
  <thread>1</thread>
  <message>Found 1 web elements with id: &amp;apos;Object Repository/UC-29/Page_Registration/a_Detail&amp;apos; located by &amp;apos;By.xpath: //a[@href = &amp;apos;/lecturer-course-detail&amp;apos; and (text() = &amp;apos;Detail&amp;apos; or . = &amp;apos;Detail&amp;apos;)]&amp;apos; in &amp;apos;30&amp;apos; second(s)</message>
  <nestedLevel>1</nestedLevel>
</record>
<record>
  <date>2018-03-28T00:13:22</date>
  <millis>1522170802230</millis>
  <sequence>98</sequence>
  <level>INFO</level>
  <class>com.kms.katalon.core.logging.KeywordLogger</class>
  <method>logMessage</method>
  <thread>1</thread>
  <message>Clicking on object: &amp;apos;Object Repository/UC-29/Page_Registration/a_Detail&amp;apos;</message>
  <nestedLevel>1</nestedLevel>
</record>
<record>
  <date>2018-03-28T00:13:22</date>
  <millis>1522170802567</millis>
  <sequence>99</sequence>
  <level>PASSED</level>
  <class>com.kms.katalon.core.logging.KeywordLogger</class>
  <method>logMessage</method>
  <thread>1</thread>
  <message>Object: &amp;apos;Object Repository/UC-29/Page_Registration/a_Detail&amp;apos; is clicked on</message>
  <nestedLevel>1</nestedLevel>
</record>
<record>
  <date>2018-03-28T00:13:22</date>
  <millis>1522170802568</millis>
  <sequence>100</sequence>
  <level>END</level>
  <class>com.kms.katalon.core.logging.KeywordLogger</class>
  <method>endKeyword</method>
  <thread>1</thread>
  <message>End action : click</message>
  <nestedLevel>1</nestedLevel>
</record>
<record>
  <date>2018-03-28T00:13:22</date>
  <millis>1522170802568</millis>
  <sequence>101</sequence>
  <level>START</level>
  <class>com.kms.katalon.core.logging.KeywordLogger</class>
  <method>startKeyword</method>
  <thread>1</thread>
  <message>Start action : click</message>
  <nestedLevel>1</nestedLevel>
  <property name="startLine">43</property>
  <property name="stepIndex">11</property>
</record>
<record>
  <date>2018-03-28T00:13:22</date>
  <millis>1522170802569</millis>
  <sequence>102</sequence>
  <level>INFO</level>
  <class>com.kms.katalon.core.logging.KeywordLogger</class>
  <method>logMessage</method>
  <thread>1</thread>
  <message>Finding Test Object with id &amp;apos;Object Repository/UC-29/Page_Registration/span_953323 SOFWARE CONS TESTM&amp;apos;</message>
  <nestedLevel>1</nestedLevel>
</record>
<record>
  <date>2018-03-28T00:13:22</date>
  <millis>1522170802573</millis>
  <sequence>103</sequence>
  <level>INFO</level>
  <class>com.kms.katalon.core.logging.KeywordLogger</class>
  <method>logMessage</method>
  <thread>1</thread>
  <message>Checking object</message>
  <nestedLevel>1</nestedLevel>
</record>
<record>
  <date>2018-03-28T00:13:22</date>
  <millis>1522170802573</millis>
  <sequence>104</sequence>
  <level>INFO</level>
  <class>com.kms.katalon.core.logging.KeywordLogger</class>
  <method>logMessage</method>
  <thread>1</thread>
  <message>Checking timeout</message>
  <nestedLevel>1</nestedLevel>
</record>
<record>
  <date>2018-03-28T00:13:22</date>
  <millis>1522170802574</millis>
  <sequence>105</sequence>
  <level>INFO</level>
  <class>com.kms.katalon.core.logging.KeywordLogger</class>
  <method>logMessage</method>
  <thread>1</thread>
  <message>Finding web element with id: &amp;apos;Object Repository/UC-29/Page_Registration/span_953323 SOFWARE CONS TESTM&amp;apos; located by &amp;apos;By.xpath: //span[(text() = &amp;apos;953323 SOFWARE CONS TEST&amp;amp;MAINT&amp;apos; or . = &amp;apos;953323 SOFWARE CONS TEST&amp;amp;MAINT&amp;apos;)]&amp;apos; in &amp;apos;30&amp;apos; second(s)</message>
  <nestedLevel>1</nestedLevel>
</record>
<record>
  <date>2018-03-28T00:13:22</date>
  <millis>1522170802609</millis>
  <sequence>106</sequence>
  <level>INFO</level>
  <class>com.kms.katalon.core.logging.KeywordLogger</class>
  <method>logMessage</method>
  <thread>1</thread>
  <message>Found 1 web elements with id: &amp;apos;Object Repository/UC-29/Page_Registration/span_953323 SOFWARE CONS TESTM&amp;apos; located by &amp;apos;By.xpath: //span[(text() = &amp;apos;953323 SOFWARE CONS TEST&amp;amp;MAINT&amp;apos; or . = &amp;apos;953323 SOFWARE CONS TEST&amp;amp;MAINT&amp;apos;)]&amp;apos; in &amp;apos;30&amp;apos; second(s)</message>
  <nestedLevel>1</nestedLevel>
</record>
<record>
  <date>2018-03-28T00:13:22</date>
  <millis>1522170802610</millis>
  <sequence>107</sequence>
  <level>INFO</level>
  <class>com.kms.katalon.core.logging.KeywordLogger</class>
  <method>logMessage</method>
  <thread>1</thread>
  <message>Clicking on object: &amp;apos;Object Repository/UC-29/Page_Registration/span_953323 SOFWARE CONS TESTM&amp;apos;</message>
  <nestedLevel>1</nestedLevel>
</record>
<record>
  <date>2018-03-28T00:13:22</date>
  <millis>1522170802834</millis>
  <sequence>108</sequence>
  <level>PASSED</level>
  <class>com.kms.katalon.core.logging.KeywordLogger</class>
  <method>logMessage</method>
  <thread>1</thread>
  <message>Object: &amp;apos;Object Repository/UC-29/Page_Registration/span_953323 SOFWARE CONS TESTM&amp;apos; is clicked on</message>
  <nestedLevel>1</nestedLevel>
</record>
<record>
  <date>2018-03-28T00:13:22</date>
  <millis>1522170802835</millis>
  <sequence>109</sequence>
  <level>END</level>
  <class>com.kms.katalon.core.logging.KeywordLogger</class>
  <method>endKeyword</method>
  <thread>1</thread>
  <message>End action : click</message>
  <nestedLevel>1</nestedLevel>
</record>
<record>
  <date>2018-03-28T00:13:22</date>
  <millis>1522170802835</millis>
  <sequence>110</sequence>
  <level>START</level>
  <class>com.kms.katalon.core.logging.KeywordLogger</class>
  <method>startKeyword</method>
  <thread>1</thread>
  <message>Start action : verifyElementPresent</message>
  <nestedLevel>1</nestedLevel>
  <property name="startLine">45</property>
  <property name="stepIndex">12</property>
</record>
<record>
  <date>2018-03-28T00:13:22</date>
  <millis>1522170802836</millis>
  <sequence>111</sequence>
  <level>INFO</level>
  <class>com.kms.katalon.core.logging.KeywordLogger</class>
  <method>logMessage</method>
  <thread>1</thread>
  <message>Finding Test Object with id &amp;apos;Object Repository/UC-29/Page_Registration/span_953323 SOFWARE CONS TESTM&amp;apos;</message>
  <nestedLevel>1</nestedLevel>
</record>
<record>
  <date>2018-03-28T00:13:22</date>
  <millis>1522170802841</millis>
  <sequence>112</sequence>
  <level>INFO</level>
  <class>com.kms.katalon.core.logging.KeywordLogger</class>
  <method>logMessage</method>
  <thread>1</thread>
  <message>Checking object</message>
  <nestedLevel>1</nestedLevel>
</record>
<record>
  <date>2018-03-28T00:13:22</date>
  <millis>1522170802841</millis>
  <sequence>113</sequence>
  <level>INFO</level>
  <class>com.kms.katalon.core.logging.KeywordLogger</class>
  <method>logMessage</method>
  <thread>1</thread>
  <message>Checking timeout</message>
  <nestedLevel>1</nestedLevel>
</record>
<record>
  <date>2018-03-28T00:13:22</date>
  <millis>1522170802841</millis>
  <sequence>114</sequence>
  <level>WARNING</level>
  <class>com.kms.katalon.core.logging.KeywordLogger</class>
  <method>logMessage</method>
  <thread>1</thread>
  <message>Timeout &amp;apos;0&amp;apos; is invalid. Using default page load timeout: &amp;apos;30&amp;apos;</message>
  <nestedLevel>1</nestedLevel>
</record>
<record>
  <date>2018-03-28T00:13:22</date>
  <millis>1522170802842</millis>
  <sequence>115</sequence>
  <level>INFO</level>
  <class>com.kms.katalon.core.logging.KeywordLogger</class>
  <method>logMessage</method>
  <thread>1</thread>
  <message>Finding web element with id: &amp;apos;Object Repository/UC-29/Page_Registration/span_953323 SOFWARE CONS TESTM&amp;apos; located by &amp;apos;By.xpath: //span[(text() = &amp;apos;953323 SOFWARE CONS TEST&amp;amp;MAINT&amp;apos; or . = &amp;apos;953323 SOFWARE CONS TEST&amp;amp;MAINT&amp;apos;)]&amp;apos; in &amp;apos;30&amp;apos; second(s)</message>
  <nestedLevel>1</nestedLevel>
</record>
<record>
  <date>2018-03-28T00:13:22</date>
  <millis>1522170802860</millis>
  <sequence>116</sequence>
  <level>INFO</level>
  <class>com.kms.katalon.core.logging.KeywordLogger</class>
  <method>logMessage</method>
  <thread>1</thread>
  <message>Found 1 web elements with id: &amp;apos;Object Repository/UC-29/Page_Registration/span_953323 SOFWARE CONS TESTM&amp;apos; located by &amp;apos;By.xpath: //span[(text() = &amp;apos;953323 SOFWARE CONS TEST&amp;amp;MAINT&amp;apos; or . = &amp;apos;953323 SOFWARE CONS TEST&amp;amp;MAINT&amp;apos;)]&amp;apos; in &amp;apos;30&amp;apos; second(s)</message>
  <nestedLevel>1</nestedLevel>
</record>
<record>
  <date>2018-03-28T00:13:22</date>
  <millis>1522170802860</millis>
  <sequence>117</sequence>
  <level>PASSED</level>
  <class>com.kms.katalon.core.logging.KeywordLogger</class>
  <method>logMessage</method>
  <thread>1</thread>
  <message>Object &amp;apos;Object Repository/UC-29/Page_Registration/span_953323 SOFWARE CONS TESTM&amp;apos; is present</message>
  <nestedLevel>1</nestedLevel>
</record>
<record>
  <date>2018-03-28T00:13:22</date>
  <millis>1522170802861</millis>
  <sequence>118</sequence>
  <level>END</level>
  <class>com.kms.katalon.core.logging.KeywordLogger</class>
  <method>endKeyword</method>
  <thread>1</thread>
  <message>End action : verifyElementPresent</message>
  <nestedLevel>1</nestedLevel>
</record>
<record>
  <date>2018-03-28T00:13:22</date>
  <millis>1522170802861</millis>
  <sequence>119</sequence>
  <level>START</level>
  <class>com.kms.katalon.core.logging.KeywordLogger</class>
  <method>startKeyword</method>
  <thread>1</thread>
  <message>Start action : closeBrowser</message>
  <nestedLevel>1</nestedLevel>
  <property name="startLine">47</property>
  <property name="stepIndex">13</property>
</record>
<record>
  <date>2018-03-28T00:13:22</date>
  <millis>1522170802873</millis>
  <sequence>120</sequence>
  <level>INFO</level>
  <class>com.kms.katalon.core.logging.KeywordLogger</class>
  <method>logMessage</method>
  <thread>1</thread>
  <message>Closing browser</message>
  <nestedLevel>1</nestedLevel>
</record>
<record>
  <date>2018-03-28T00:13:24</date>
  <millis>1522170804325</millis>
  <sequence>121</sequence>
  <level>PASSED</level>
  <class>com.kms.katalon.core.logging.KeywordLogger</class>
  <method>logMessage</method>
  <thread>1</thread>
  <message>Browser is closed</message>
  <nestedLevel>1</nestedLevel>
</record>
<record>
  <date>2018-03-28T00:13:24</date>
  <millis>1522170804325</millis>
  <sequence>122</sequence>
  <level>END</level>
  <class>com.kms.katalon.core.logging.KeywordLogger</class>
  <method>endKeyword</method>
  <thread>1</thread>
  <message>End action : closeBrowser</message>
  <nestedLevel>1</nestedLevel>
</record>
<record>
  <date>2018-03-28T00:13:24</date>
  <millis>1522170804326</millis>
  <sequence>123</sequence>
  <level>PASSED</level>
  <class>com.kms.katalon.core.logging.KeywordLogger</class>
  <method>logMessage</method>
  <thread>1</thread>
  <message>Test Cases/lecturer/UC-29/lecturer_view_course_detail</message>
  <nestedLevel>1</nestedLevel>
</record>
<record>
  <date>2018-03-28T00:13:24</date>
  <millis>1522170804327</millis>
  <sequence>124</sequence>
  <level>END</level>
  <class>com.kms.katalon.core.logging.KeywordLogger</class>
  <method>endTest</method>
  <thread>1</thread>
  <message>End Test Case : Test Cases/lecturer/UC-29/lecturer_view_course_detail</message>
  <nestedLevel>0</nestedLevel>
</record>
<record>
  <date>2018-03-28T00:13:24</date>
  <millis>1522170804422</millis>
  <sequence>125</sequence>
  <level>END</level>
  <class>com.kms.katalon.core.logging.KeywordLogger</class>
  <method>endSuite</method>
  <thread>1</thread>
  <message>End Test Suite : Test Suites/UC-29</message>
  <nestedLevel>0</nestedLevel>
</record>
</log>